PLINK v2.0.0-a.7 M1 (11 Mar 2026)
Options in effect:
  --freq
  --out /Users/lilyheald/Documents/GitHub/paint/data/sgdp.wg.fixed
  --pfile /Users/lilyheald/Documents/GitHub/paint/data/sgdp.wg.cleaned
  --threads 6

Hostname: MacBook-Pro-1417.local
Working directory: /Users/lilyheald/Documents/GitHub/PAINT
Start time: Mon Apr 13 13:25:20 2026

Random number seed: 1776101120
8192 MiB RAM detected; reserving 4096 MiB for main workspace.
Using up to 6 compute threads.
15 samples (0 females, 0 males, 15 ambiguous; 15 founders) loaded from
/Users/lilyheald/Documents/GitHub/paint/data/sgdp.wg.cleaned.psam.
9231524 variants loaded from
/Users/lilyheald/Documents/GitHub/paint/data/sgdp.wg.cleaned.pvar.
Note: No phenotype data present.
Calculating allele frequencies... done.
--freq: Allele frequencies (founders only) written to
/Users/lilyheald/Documents/GitHub/paint/data/sgdp.wg.fixed.afreq .

End time: Mon Apr 13 13:25:22 2026
